[2024-03-17 19:29:02] [ INFO ] [HerramientaController:49] Herramienta pasa por controller
[2024-03-17 19:34:59] [ INFO ] [HerramientaController:49] Herramienta pasa por controller
[2024-03-17 19:40:42] [ INFO ] [HerramientaController:49] Herramienta pasa por controller
[2024-03-17 19:43:48] [ INFO ] [HerramientaController:49] Herramienta pasa por controller
[2024-03-17 19:51:14] [ INFO ] [HerramientaController:49] Herramienta pasa por controller
[2024-03-17 20:37:08] [ INFO ] [HerramientaController:39] Get Herramienta
[2024-03-17 20:37:31] [ INFO ] [HerramientaController:39] Get Herramienta
[2024-03-17 20:37:33] [ INFO ] [HerramientaController:39] Get Herramienta
[2024-03-17 20:38:16] [ INFO ] [HerramientaController:39] Get Herramienta
[2024-03-17 20:39:19] [ INFO ] [HerramientaController:39] Get Herramienta
[2024-03-17 20:39:34] [ INFO ] [HerramientaController:39] Get Herramienta
[2024-03-17 20:39:35] [ INFO ] [HerramientaController:32] Get Usuario
[2024-03-17 20:41:05] [ INFO ] [HerramientaController:39] Get Herramienta
[2024-03-17 20:41:05] [ INFO ] [HerramientaController:32] Get Usuario
[2024-03-17 20:46:31] [ INFO ] [HerramientaController:39] Get Herramienta
[2024-03-17 20:48:39] [ INFO ] [HerramientaController:39] Get Herramienta
[2024-03-17 20:52:51] [ INFO ] [HerramientaController:39] Get Herramienta
[2024-03-17 20:56:40] [ INFO ] [HerramientaController:39] Get Herramienta
[2024-03-17 20:59:25] [ INFO ] [HerramientaController:39] Get Herramienta
[2024-03-17 20:59:25] [ INFO ] [HerramientaController:32] Get Usuario
[2024-03-17 21:00:27] [ INFO ] [HerramientaController:39] Get Herramienta
[2024-03-17 21:00:27] [ INFO ] [HerramientaController:32] Get Usuario
[2024-03-17 21:02:08] [ INFO ] [HerramientaController:39] Get Herramienta
[2024-03-17 21:02:08] [ INFO ] [HerramientaController:32] Get Usuario
[2024-03-17 21:02:41] [ INFO ] [HerramientaController:39] Get Herramienta
[2024-03-17 21:02:42] [ INFO ] [HerramientaController:32] Get Usuario
[2024-03-17 21:03:07] [ INFO ] [HerramientaController:39] Get Herramienta
[2024-03-17 21:03:37] [ INFO ] [HerramientaController:39] Get Herramienta
[2024-03-17 21:03:38] [ INFO ] [HerramientaController:32] Get Usuario
[2024-03-17 21:03:43] [ INFO ] [HerramientaController:39] Get Herramienta
[2024-03-17 21:03:45] [ INFO ] [HerramientaController:32] Get Usuario
[2024-03-17 21:11:04] [ INFO ] [HerramientaController:49] Herramienta pasa por controller
[2024-03-17 21:11:11] [ INFO ] [HerramientaController:39] Get Herramienta
[2024-03-17 21:11:59] [ INFO ] [HerramientaController:39] Get Herramienta
[2024-03-17 21:11:59] [ INFO ] [HerramientaController:32] Get Usuario
[2024-03-17 21:12:03] [ INFO ] [HerramientaController:39] Get Herramienta
[2024-03-17 21:12:03] [ INFO ] [HerramientaController:32] Get Usuario
[2024-03-17 21:12:07] [ INFO ] [HerramientaController:39] Get Herramienta
[2024-03-17 21:12:07] [ INFO ] [HerramientaController:32] Get Usuario
[2024-03-17 21:12:43] [ INFO ] [HerramientaController:39] Get Herramienta
[2024-03-17 21:12:43] [ INFO ] [HerramientaController:32] Get Usuario
[2024-03-17 21:12:47] [ INFO ] [HerramientaController:39] Get Herramienta
[2024-03-17 21:12:54] [ INFO ] [HerramientaController:39] Get Herramienta
[2024-03-17 21:12:54] [ INFO ] [HerramientaController:32] Get Usuario
[2024-03-17 21:12:56] [ INFO ] [HerramientaController:39] Get Herramienta
[2024-03-17 21:16:06] [ INFO ] [HerramientaController:39] Get Herramienta
[2024-03-17 21:16:06] [ INFO ] [HerramientaController:32] Get Usuario
[2024-03-17 21:18:07] [ INFO ] [HerramientaController:39] Get Herramienta
[2024-03-17 21:18:07] [ INFO ] [HerramientaController:39] Get Herramienta
[2024-03-17 22:27:51] [ INFO ] [HerramientaController:55] Nueva Caracteristica, Controller
[2024-03-17 22:30:26] [ INFO ] [HerramientaController:55] Nueva Caracteristica, Controller
[2024-03-17 22:33:13] [ INFO ] [HerramientaController:39] Get Herramienta
[2024-03-17 22:33:35] [ INFO ] [HerramientaController:49] Herramienta pasa por controller
[2024-03-17 22:48:44] [ INFO ] [HerramientaController:49] Herramienta pasa por controller
[2024-03-19 17:35:50] [ INFO ] [HerramientaController:49] Herramienta pasa por controller
[2024-03-19 17:42:56] [ INFO ] [HerramientaController:49] Herramienta pasa por controller
[2024-03-19 22:08:46] [ INFO ] [HerramientaController:49] Herramienta pasa por controller
[2024-03-19 22:15:13] [ INFO ] [HerramientaController:49] Herramienta pasa por controller
[2024-03-19 22:25:09] [ INFO ] [HerramientaController:49] Herramienta pasa por controller
[2024-03-19 22:36:18] [ INFO ] [HerramientaController:49] Herramienta pasa por controller
[2024-03-19 22:39:04] [ INFO ] [HerramientaController:49] Herramienta pasa por controller
[2024-03-19 22:41:01] [ INFO ] [HerramientaController:39] Get Herramienta
[2024-03-19 22:41:57] [ INFO ] [HerramientaController:39] Get Herramienta
[2024-03-19 22:43:30] [ INFO ] [HerramientaController:39] Get Herramienta
[2024-03-19 22:44:49] [ INFO ] [HerramientaController:39] Get Herramienta
[2024-03-19 22:45:28] [ INFO ] [HerramientaController:49] Herramienta pasa por controller
[2024-03-19 22:46:47] [ INFO ] [HerramientaController:39] Get Herramienta
[2024-03-19 22:46:57] [ INFO ] [HerramientaController:49] Herramienta pasa por controller
[2024-03-19 22:51:00] [ INFO ] [HerramientaController:39] Get Herramienta
[2024-03-19 22:51:09] [ INFO ] [HerramientaController:49] Herramienta pasa por controller
[2024-03-19 22:59:27] [ INFO ] [HerramientaController:49] Herramienta pasa por controller
[2024-03-19 23:13:25] [ INFO ] [HerramientaController:49] Herramienta pasa por controller
[2024-03-19 23:13:55] [ INFO ] [HerramientaController:39] Get Herramienta
[2024-03-19 23:18:29] [ INFO ] [HerramientaController:49] Herramienta pasa por controller
[2024-03-19 23:18:38] [ INFO ] [HerramientaController:39] Get Herramienta
[2024-03-19 23:39:40] [ INFO ] [HerramientaController:49] Herramienta pasa por controller
[2024-03-19 23:39:47] [ INFO ] [HerramientaController:39] Get Herramienta
[2024-03-19 23:39:54] [ INFO ] [ReservaController:32] Procede informacion a Service Reserva
[2024-03-19 23:41:10] [ INFO ] [ReservaController:32] Procede informacion a Service Reserva
[2024-03-19 23:44:04] [ INFO ] [HerramientaController:49] Herramienta pasa por controller
[2024-03-19 23:44:38] [ INFO ] [ReservaController:32] Procede informacion a Service Reserva
[2024-03-19 23:45:44] [ INFO ] [HerramientaController:49] Herramienta pasa por controller
[2024-03-19 23:46:48] [ INFO ] [ReservaController:32] Procede informacion a Service Reserva
[2024-03-19 23:49:30] [ INFO ] [HerramientaController:49] Herramienta pasa por controller
[2024-03-19 23:49:37] [ INFO ] [ReservaController:32] Procede informacion a Service Reserva
[2024-03-19 23:52:05] [ INFO ] [HerramientaController:49] Herramienta pasa por controller
[2024-03-19 23:52:14] [ INFO ] [ReservaController:32] Procede informacion a Service Reserva
[2024-03-20 19:53:50] [ INFO ] [HerramientaController:39] Get Herramienta
[2024-03-20 19:54:09] [ INFO ] [HerramientaController:49] Herramienta pasa por controller
[2024-03-20 19:54:37] [ INFO ] [ReservaController:32] Procede informacion a Service Reserva
[2024-03-20 20:02:16] [ INFO ] [HerramientaController:49] Herramienta pasa por controller
[2024-03-20 20:02:26] [ INFO ] [ReservaController:32] Procede informacion a Service Reserva
[2024-03-20 21:06:56] [ INFO ] [HerramientaController:55] Nueva Caracteristica, Controller
[2024-03-20 21:40:06] [ INFO ] [HerramientaController:39] Get Herramienta
[2024-03-20 21:40:21] [ INFO ] [HerramientaController:39] Get Herramienta
[2024-03-20 21:40:21] [ INFO ] [HerramientaController:32] Get Usuario
[2024-03-20 21:40:25] [ INFO ] [HerramientaController:39] Get Herramienta
[2024-03-20 21:40:37] [ INFO ] [HerramientaController:32] Get Usuario
[2024-03-20 21:40:42] [ INFO ] [HerramientaController:39] Get Herramienta
[2024-03-20 21:40:47] [ INFO ] [HerramientaController:32] Get Usuario
[2024-03-20 21:42:34] [ INFO ] [HerramientaController:39] Get Herramienta
[2024-03-20 21:43:09] [ INFO ] [HerramientaController:32] Get Usuario
[2024-03-20 21:43:18] [ INFO ] [HerramientaController:39] Get Herramienta
[2024-03-20 21:43:56] [ INFO ] [HerramientaController:39] Get Herramienta
[2024-03-20 22:04:57] [ INFO ] [HerramientaController:49] Herramienta pasa por controller
[2024-03-20 22:06:33] [ INFO ] [HerramientaController:39] Get Herramienta
[2024-03-20 22:06:49] [ INFO ] [HerramientaController:39] Get Herramienta
[2024-03-20 22:06:49] [ INFO ] [HerramientaController:32] Get Usuario
[2024-03-20 22:41:20] [ INFO ] [HerramientaController:49] Herramienta pasa por controller
[2024-03-20 23:44:47] [ INFO ] [HerramientaController:49] Herramienta pasa por controller
[2024-03-20 23:55:38] [ INFO ] [HerramientaController:49] Herramienta pasa por controller
[2024-03-21 20:05:41] [ INFO ] [HerramientaController:39] Get Herramienta
[2024-03-21 20:06:01] [ INFO ] [HerramientaController:39] Get Herramienta
[2024-03-21 20:10:28] [ INFO ] [HerramientaController:39] Get Herramienta
[2024-03-21 20:10:54] [ INFO ] [HerramientaController:39] Get Herramienta
[2024-03-21 20:10:54] [ INFO ] [HerramientaController:32] Get Usuario
[2024-03-21 20:11:01] [ INFO ] [HerramientaController:39] Get Herramienta
[2024-03-21 20:11:01] [ INFO ] [HerramientaController:32] Get Usuario
[2024-03-21 20:11:14] [ INFO ] [HerramientaController:39] Get Herramienta
[2024-03-21 20:11:14] [ INFO ] [HerramientaController:32] Get Usuario
[2024-03-21 21:24:08] [ INFO ] [HerramientaController:39] Get Herramienta
[2024-03-21 21:41:09] [ INFO ] [HerramientaController:49] Herramienta pasa por controller
[2024-03-21 22:35:49] [ INFO ] [HerramientaController:39] Get Herramienta
[2024-03-21 22:50:05] [ INFO ] [HerramientaController:49] Herramienta pasa por controller
[2024-03-21 22:50:17] [ INFO ] [ReservaController:32] Procede informacion a Service Reserva
[2024-03-21 22:59:48] [ INFO ] [HerramientaController:39] Get Herramienta
[2024-03-21 23:00:14] [ INFO ] [HerramientaController:39] Get Herramienta
[2024-03-21 23:00:14] [ INFO ] [HerramientaController:39] Get Herramienta
[2024-03-21 23:01:27] [ INFO ] [HerramientaController:39] Get Herramienta
[2024-03-21 23:01:27] [ INFO ] [HerramientaController:34] Get Usuario
[2024-03-21 23:02:57] [ INFO ] [HerramientaController:34] Get Usuario
[2024-03-21 23:03:25] [ INFO ] [HerramientaController:34] Get Usuario
[2024-03-21 23:03:47] [ INFO ] [HerramientaController:34] Get Usuario
[2024-03-21 23:25:38] [ INFO ] [HerramientaController:34] Get Usuario
[2024-03-21 23:25:57] [ INFO ] [HerramientaController:34] Get Usuario
[2024-03-21 23:30:45] [ INFO ] [HerramientaController:34] Get Usuario
[2024-03-21 23:31:47] [ INFO ] [HerramientaController:34] Get Usuario
[2024-03-21 23:54:33] [ INFO ] [HerramientaController:34] Get Usuario
[2024-03-22 00:02:09] [ INFO ] [HerramientaController:39] Get Herramienta
[2024-03-22 00:02:09] [ INFO ] [HerramientaController:39] Get Herramienta
[2024-03-22 00:02:20] [ INFO ] [HerramientaController:39] Get Herramienta
[2024-03-22 00:02:20] [ INFO ] [HerramientaController:34] Get Usuario
[2024-03-22 00:02:56] [ INFO ] [HerramientaController:34] Get Usuario
[2024-03-22 00:03:47] [ INFO ] [HerramientaController:34] Get Usuario
[2024-03-22 00:10:19] [ INFO ] [HerramientaController:34] Get Usuario
[2024-03-22 00:10:29] [ INFO ] [HerramientaController:34] Get Usuario
[2024-03-22 00:23:12] [ INFO ] [HerramientaController:34] Get Usuario
[2024-03-22 00:29:23] [ INFO ] [HerramientaController:34] Get Usuario
[2024-03-22 00:38:19] [ INFO ] [HerramientaController:34] Get Usuario
[2024-03-22 00:39:11] [ INFO ] [HerramientaController:34] Get Usuario
[2024-03-22 00:45:50] [ INFO ] [HerramientaController:49] Herramienta pasa por controller
[2024-03-22 00:46:00] [ INFO ] [ReservaController:32] Procede informacion a Service Reserva
[2024-03-22 07:42:42] [ INFO ] [HerramientaController:39] Get Herramienta
[2024-03-22 07:42:45] [ INFO ] [HerramientaController:39] Get Herramienta
[2024-03-22 07:42:57] [ INFO ] [HerramientaController:39] Get Herramienta
[2024-03-22 07:42:57] [ INFO ] [HerramientaController:34] Get Usuario
[2024-03-22 07:43:00] [ INFO ] [HerramientaController:39] Get Herramienta
[2024-03-22 07:46:15] [ INFO ] [HerramientaController:49] Herramienta pasa por controller
[2024-03-22 07:47:01] [ INFO ] [ReservaController:32] Procede informacion a Service Reserva
[2024-03-22 07:48:47] [ INFO ] [ReservaController:32] Procede informacion a Service Reserva
[2024-03-22 07:51:28] [ INFO ] [HerramientaController:49] Herramienta pasa por controller
[2024-03-22 07:51:42] [ INFO ] [ReservaController:32] Procede informacion a Service Reserva
[2024-03-22 08:22:11] [ INFO ] [HerramientaController:49] Herramienta pasa por controller
[2024-03-22 08:22:21] [ INFO ] [ReservaController:32] Procede informacion a Service Reserva
[2024-03-22 08:22:33] [ INFO ] [Reseña:45] Reseña: Comentario de la reseña test 1, 2024-03-14, null
[2024-03-22 08:25:14] [ INFO ] [HerramientaController:49] Herramienta pasa por controller
[2024-03-22 08:25:24] [ INFO ] [ReservaController:32] Procede informacion a Service Reserva
[2024-03-22 08:26:08] [ INFO ] [Reseña:45] Reseña: Comentario de la reseña test 1, 2024-03-14, null
[2024-03-22 08:30:04] [ INFO ] [HerramientaController:49] Herramienta pasa por controller
[2024-03-22 08:30:12] [ INFO ] [ReservaController:32] Procede informacion a Service Reserva
[2024-03-22 08:30:23] [ INFO ] [Reseña:45] Reseña: Comentario de la reseña test 1, 2024-03-14, 3
[2024-03-22 08:57:26] [ INFO ] [HerramientaController:39] Get Herramienta
[2024-03-22 08:59:02] [ INFO ] [HerramientaController:39] Get Herramienta
[2024-03-22 08:59:02] [ INFO ] [HerramientaController:39] Get Herramienta
[2024-03-22 08:59:11] [ INFO ] [HerramientaController:39] Get Herramienta
[2024-03-22 08:59:11] [ INFO ] [HerramientaController:34] Get Usuario
[2024-03-22 08:59:22] [ INFO ] [HerramientaController:39] Get Herramienta
[2024-03-22 08:59:45] [ INFO ] [HerramientaController:39] Get Herramienta
[2024-03-22 08:59:46] [ INFO ] [HerramientaController:39] Get Herramienta
[2024-03-22 08:59:56] [ INFO ] [HerramientaController:39] Get Herramienta
[2024-03-22 08:59:56] [ INFO ] [HerramientaController:34] Get Usuario
[2024-03-22 09:39:54] [ INFO ] [HerramientaController:49] Herramienta pasa por controller
[2024-03-22 09:40:12] [ INFO ] [ReservaController:32] Procede informacion a Service Reserva
[2024-03-22 09:42:41] [ INFO ] [HerramientaController:34] Get Usuario
[2024-03-22 09:50:30] [ INFO ] [HerramientaController:34] Get Usuario
[2024-03-22 10:20:35] [ INFO ] [HerramientaController:39] Get Herramienta
[2024-03-22 10:21:01] [ INFO ] [HerramientaController:39] Get Herramienta
[2024-03-22 10:21:02] [ INFO ] [HerramientaController:39] Get Herramienta
[2024-03-22 10:21:09] [ INFO ] [HerramientaController:39] Get Herramienta
[2024-03-22 10:21:09] [ INFO ] [HerramientaController:34] Get Usuario
[2024-03-22 10:21:50] [ INFO ] [HerramientaController:34] Get Usuario
[2024-03-22 10:21:55] [ INFO ] [HerramientaController:34] Get Usuario
[2024-03-22 10:21:57] [ INFO ] [HerramientaController:34] Get Usuario
[2024-03-22 10:21:59] [ INFO ] [HerramientaController:34] Get Usuario
[2024-03-22 10:22:10] [ INFO ] [HerramientaController:34] Get Usuario
[2024-03-22 10:23:00] [ INFO ] [HerramientaController:34] Get Usuario
[2024-03-22 10:23:11] [ INFO ] [HerramientaController:34] Get Usuario
[2024-03-22 10:24:19] [ INFO ] [HerramientaController:34] Get Usuario
[2024-03-22 10:24:21] [ INFO ] [HerramientaController:34] Get Usuario
[2024-03-22 10:24:30] [ INFO ] [HerramientaController:34] Get Usuario
[2024-03-22 10:24:41] [ INFO ] [HerramientaController:39] Get Herramienta
[2024-03-22 10:25:28] [ INFO ] [HerramientaController:34] Get Usuario
[2024-03-22 10:25:31] [ INFO ] [HerramientaController:34] Get Usuario
[2024-03-22 10:25:52] [ INFO ] [HerramientaController:34] Get Usuario
[2024-03-22 10:26:49] [ INFO ] [HerramientaController:34] Get Usuario
[2024-03-22 10:26:51] [ INFO ] [HerramientaController:34] Get Usuario
[2024-03-22 10:26:59] [ INFO ] [HerramientaController:34] Get Usuario
[2024-03-22 10:27:04] [ INFO ] [HerramientaController:34] Get Usuario
[2024-03-22 10:27:06] [ INFO ] [HerramientaController:34] Get Usuario
[2024-03-22 10:27:11] [ INFO ] [HerramientaController:34] Get Usuario
[2024-03-22 10:27:27] [ INFO ] [HerramientaController:34] Get Usuario
[2024-03-22 10:27:32] [ INFO ] [HerramientaController:34] Get Usuario
[2024-03-22 10:27:34] [ INFO ] [HerramientaController:34] Get Usuario
[2024-03-22 10:27:40] [ INFO ] [HerramientaController:34] Get Usuario
[2024-03-22 10:27:57] [ INFO ] [HerramientaController:34] Get Usuario
[2024-03-22 10:27:58] [ INFO ] [HerramientaController:34] Get Usuario
[2024-03-22 10:28:12] [ INFO ] [HerramientaController:34] Get Usuario
[2024-03-22 10:28:22] [ INFO ] [HerramientaController:34] Get Usuario
[2024-03-22 10:28:26] [ INFO ] [HerramientaController:34] Get Usuario
[2024-03-22 10:28:35] [ INFO ] [HerramientaController:34] Get Usuario
[2024-03-22 10:29:02] [ INFO ] [HerramientaController:34] Get Usuario
[2024-03-22 10:29:10] [ INFO ] [HerramientaController:34] Get Usuario
[2024-03-22 10:29:11] [ INFO ] [HerramientaController:34] Get Usuario
[2024-03-22 10:29:16] [ INFO ] [HerramientaController:34] Get Usuario
[2024-03-22 10:29:30] [ INFO ] [HerramientaController:34] Get Usuario
[2024-03-22 10:29:35] [ INFO ] [HerramientaController:34] Get Usuario
[2024-03-22 10:29:43] [ INFO ] [HerramientaController:34] Get Usuario
[2024-03-22 10:29:44] [ INFO ] [HerramientaController:34] Get Usuario
[2024-03-22 10:29:48] [ INFO ] [HerramientaController:34] Get Usuario
[2024-03-22 10:29:50] [ INFO ] [HerramientaController:34] Get Usuario
[2024-03-22 10:29:54] [ INFO ] [HerramientaController:34] Get Usuario
[2024-03-22 10:29:59] [ INFO ] [HerramientaController:34] Get Usuario
[2024-03-22 10:30:32] [ INFO ] [HerramientaController:34] Get Usuario
[2024-03-22 10:30:41] [ INFO ] [HerramientaController:34] Get Usuario
[2024-03-22 10:30:46] [ INFO ] [HerramientaController:34] Get Usuario
[2024-03-22 10:30:47] [ INFO ] [HerramientaController:34] Get Usuario
[2024-03-22 10:30:50] [ INFO ] [HerramientaController:34] Get Usuario
[2024-03-22 10:31:29] [ INFO ] [HerramientaController:34] Get Usuario
[2024-03-22 10:32:02] [ INFO ] [HerramientaController:34] Get Usuario
[2024-03-22 10:33:28] [ INFO ] [HerramientaController:34] Get Usuario
[2024-03-22 10:33:30] [ INFO ] [HerramientaController:34] Get Usuario
[2024-03-22 10:33:34] [ INFO ] [HerramientaController:34] Get Usuario
[2024-03-22 10:33:43] [ INFO ] [HerramientaController:34] Get Usuario
[2024-03-22 10:35:02] [ INFO ] [HerramientaController:34] Get Usuario
[2024-03-22 10:35:23] [ INFO ] [HerramientaController:34] Get Usuario
[2024-03-22 10:35:35] [ INFO ] [HerramientaController:34] Get Usuario
[2024-03-22 10:36:48] [ INFO ] [HerramientaController:34] Get Usuario
[2024-03-22 10:37:35] [ INFO ] [HerramientaController:34] Get Usuario
[2024-03-22 10:37:38] [ INFO ] [HerramientaController:34] Get Usuario
[2024-03-22 10:37:58] [ INFO ] [HerramientaController:34] Get Usuario
[2024-03-22 10:38:02] [ INFO ] [HerramientaController:34] Get Usuario
[2024-03-22 10:39:50] [ INFO ] [HerramientaController:34] Get Usuario
[2024-03-22 10:39:52] [ INFO ] [HerramientaController:34] Get Usuario
[2024-03-22 10:41:19] [ INFO ] [HerramientaController:34] Get Usuario
[2024-03-22 10:41:41] [ INFO ] [HerramientaController:34] Get Usuario
[2024-03-22 10:42:20] [ INFO ] [HerramientaController:34] Get Usuario
[2024-03-22 10:42:24] [ INFO ] [HerramientaController:34] Get Usuario
[2024-03-22 10:42:36] [ INFO ] [HerramientaController:34] Get Usuario
[2024-03-22 10:42:47] [ INFO ] [HerramientaController:34] Get Usuario
[2024-03-22 10:44:38] [ INFO ] [HerramientaController:34] Get Usuario
[2024-03-22 10:53:56] [ INFO ] [HerramientaController:34] Get Usuario
[2024-03-22 10:54:11] [ INFO ] [HerramientaController:34] Get Usuario
[2024-03-22 10:55:13] [ INFO ] [HerramientaController:34] Get Usuario
[2024-03-22 10:55:57] [ INFO ] [HerramientaController:34] Get Usuario
[2024-03-22 10:56:34] [ INFO ] [HerramientaController:34] Get Usuario
[2024-03-22 10:56:41] [ INFO ] [HerramientaController:34] Get Usuario
[2024-03-22 10:56:50] [ INFO ] [HerramientaController:39] Get Herramienta
[2024-03-22 10:56:51] [ INFO ] [HerramientaController:39] Get Herramienta
[2024-03-22 10:56:57] [ INFO ] [HerramientaController:39] Get Herramienta
[2024-03-22 10:56:57] [ INFO ] [HerramientaController:34] Get Usuario
[2024-03-22 10:58:01] [ INFO ] [HerramientaController:34] Get Usuario
[2024-03-22 10:58:30] [ INFO ] [HerramientaController:34] Get Usuario
[2024-03-22 10:58:34] [ INFO ] [HerramientaController:34] Get Usuario
[2024-03-22 11:00:07] [ INFO ] [HerramientaController:34] Get Usuario
[2024-03-22 11:00:13] [ INFO ] [HerramientaController:34] Get Usuario
[2024-03-22 11:04:50] [ INFO ] [HerramientaController:34] Get Usuario
[2024-03-22 11:05:04] [ INFO ] [HerramientaController:34] Get Usuario
[2024-03-22 11:06:49] [ INFO ] [HerramientaController:34] Get Usuario
[2024-03-22 11:06:52] [ INFO ] [HerramientaController:34] Get Usuario
[2024-03-22 11:06:55] [ INFO ] [HerramientaController:34] Get Usuario
[2024-03-22 11:06:56] [ INFO ] [HerramientaController:34] Get Usuario
[2024-03-22 11:07:01] [ INFO ] [HerramientaController:34] Get Usuario
[2024-03-22 11:07:18] [ INFO ] [HerramientaController:34] Get Usuario
[2024-03-22 11:07:25] [ INFO ] [HerramientaController:34] Get Usuario
[2024-03-22 11:07:27] [ INFO ] [HerramientaController:34] Get Usuario
[2024-03-22 11:07:49] [ INFO ] [HerramientaController:34] Get Usuario
[2024-03-22 11:07:52] [ INFO ] [HerramientaController:34] Get Usuario
[2024-03-22 11:08:02] [ INFO ] [HerramientaController:34] Get Usuario
[2024-03-22 11:08:16] [ INFO ] [HerramientaController:34] Get Usuario
[2024-03-22 11:08:17] [ INFO ] [HerramientaController:34] Get Usuario
[2024-03-22 11:08:18] [ INFO ] [HerramientaController:34] Get Usuario
[2024-03-22 11:08:19] [ INFO ] [HerramientaController:34] Get Usuario
[2024-03-22 11:08:22] [ INFO ] [HerramientaController:34] Get Usuario
[2024-03-22 11:08:40] [ INFO ] [HerramientaController:34] Get Usuario
[2024-03-22 11:08:45] [ INFO ] [HerramientaController:34] Get Usuario
[2024-03-22 11:08:50] [ INFO ] [HerramientaController:34] Get Usuario
[2024-03-22 11:08:56] [ INFO ] [HerramientaController:34] Get Usuario
[2024-03-22 11:08:57] [ INFO ] [HerramientaController:34] Get Usuario
[2024-03-22 11:08:59] [ INFO ] [HerramientaController:34] Get Usuario
[2024-03-22 11:09:00] [ INFO ] [HerramientaController:34] Get Usuario
[2024-03-22 11:09:03] [ INFO ] [HerramientaController:34] Get Usuario
[2024-03-22 11:09:08] [ INFO ] [HerramientaController:34] Get Usuario
[2024-03-22 11:09:57] [ INFO ] [HerramientaController:34] Get Usuario
[2024-03-22 11:10:02] [ INFO ] [HerramientaController:34] Get Usuario
[2024-03-22 11:10:13] [ INFO ] [HerramientaController:34] Get Usuario
[2024-03-22 11:10:16] [ INFO ] [HerramientaController:34] Get Usuario
[2024-03-22 11:11:22] [ INFO ] [HerramientaController:34] Get Usuario
[2024-03-22 11:11:26] [ INFO ] [HerramientaController:34] Get Usuario
[2024-03-22 11:11:27] [ INFO ] [HerramientaController:34] Get Usuario
[2024-03-22 11:11:33] [ INFO ] [HerramientaController:34] Get Usuario
[2024-03-22 11:11:38] [ INFO ] [HerramientaController:34] Get Usuario
[2024-03-22 11:11:43] [ INFO ] [HerramientaController:34] Get Usuario
[2024-03-22 11:11:47] [ INFO ] [HerramientaController:34] Get Usuario
[2024-03-22 11:11:51] [ INFO ] [HerramientaController:34] Get Usuario
[2024-03-22 11:12:36] [ INFO ] [HerramientaController:34] Get Usuario
[2024-03-22 11:12:50] [ INFO ] [HerramientaController:34] Get Usuario
[2024-03-22 11:12:58] [ INFO ] [HerramientaController:34] Get Usuario
[2024-03-22 11:13:00] [ INFO ] [HerramientaController:34] Get Usuario
[2024-03-22 11:13:03] [ INFO ] [HerramientaController:34] Get Usuario
[2024-03-22 11:13:16] [ INFO ] [HerramientaController:34] Get Usuario
[2024-03-22 11:13:31] [ INFO ] [HerramientaController:34] Get Usuario
[2024-03-22 11:13:35] [ INFO ] [HerramientaController:34] Get Usuario
[2024-03-22 11:13:38] [ INFO ] [HerramientaController:34] Get Usuario
[2024-03-22 11:13:42] [ INFO ] [HerramientaController:34] Get Usuario
[2024-03-22 11:14:19] [ INFO ] [HerramientaController:34] Get Usuario
[2024-03-22 11:14:24] [ INFO ] [HerramientaController:34] Get Usuario
[2024-03-22 11:14:38] [ INFO ] [HerramientaController:34] Get Usuario
[2024-03-22 11:14:40] [ INFO ] [HerramientaController:34] Get Usuario
[2024-03-22 11:14:45] [ INFO ] [HerramientaController:34] Get Usuario
[2024-03-22 11:14:46] [ INFO ] [HerramientaController:34] Get Usuario
[2024-03-22 11:14:49] [ INFO ] [HerramientaController:34] Get Usuario
[2024-03-22 11:14:53] [ INFO ] [HerramientaController:34] Get Usuario
[2024-03-22 11:14:54] [ INFO ] [HerramientaController:34] Get Usuario
[2024-03-22 11:14:57] [ INFO ] [HerramientaController:34] Get Usuario
[2024-03-22 11:15:13] [ INFO ] [HerramientaController:34] Get Usuario
[2024-03-22 11:15:14] [ INFO ] [HerramientaController:34] Get Usuario
[2024-03-22 11:15:15] [ INFO ] [HerramientaController:34] Get Usuario
[2024-03-22 11:15:20] [ INFO ] [HerramientaController:34] Get Usuario
[2024-03-22 11:15:22] [ INFO ] [HerramientaController:34] Get Usuario
[2024-03-22 11:17:01] [ INFO ] [HerramientaController:34] Get Usuario
[2024-03-22 11:18:50] [ INFO ] [HerramientaController:34] Get Usuario
[2024-03-22 11:19:00] [ INFO ] [HerramientaController:34] Get Usuario
[2024-03-22 11:19:01] [ INFO ] [HerramientaController:34] Get Usuario
[2024-03-22 11:19:03] [ INFO ] [HerramientaController:34] Get Usuario
[2024-03-22 11:19:04] [ INFO ] [HerramientaController:34] Get Usuario
[2024-03-22 11:19:09] [ INFO ] [HerramientaController:34] Get Usuario
[2024-03-22 11:19:53] [ INFO ] [HerramientaController:34] Get Usuario
[2024-03-22 11:20:42] [ INFO ] [HerramientaController:34] Get Usuario
[2024-03-22 11:21:01] [ INFO ] [HerramientaController:34] Get Usuario
[2024-03-22 11:21:24] [ INFO ] [HerramientaController:34] Get Usuario
[2024-03-22 11:21:29] [ INFO ] [HerramientaController:34] Get Usuario
[2024-03-22 11:21:31] [ INFO ] [HerramientaController:34] Get Usuario
[2024-03-22 11:21:44] [ INFO ] [HerramientaController:34] Get Usuario
[2024-03-22 11:22:11] [ INFO ] [HerramientaController:34] Get Usuario
[2024-03-22 11:22:27] [ INFO ] [HerramientaController:34] Get Usuario
[2024-03-22 11:22:35] [ INFO ] [HerramientaController:34] Get Usuario
[2024-03-22 11:22:43] [ INFO ] [HerramientaController:34] Get Usuario
[2024-03-22 11:23:22] [ INFO ] [HerramientaController:34] Get Usuario
[2024-03-22 11:23:39] [ INFO ] [HerramientaController:34] Get Usuario
[2024-03-22 11:24:33] [ INFO ] [HerramientaController:34] Get Usuario
[2024-03-22 11:24:37] [ INFO ] [HerramientaController:34] Get Usuario
[2024-03-22 11:26:00] [ INFO ] [HerramientaController:34] Get Usuario
[2024-03-22 11:26:09] [ INFO ] [HerramientaController:34] Get Usuario
[2024-03-22 11:26:47] [ INFO ] [HerramientaController:34] Get Usuario
[2024-03-22 11:27:39] [ INFO ] [HerramientaController:34] Get Usuario
[2024-03-22 11:27:45] [ INFO ] [HerramientaController:34] Get Usuario
[2024-03-22 11:27:48] [ INFO ] [HerramientaController:34] Get Usuario
[2024-03-22 11:30:04] [ INFO ] [HerramientaController:34] Get Usuario
[2024-03-22 11:30:06] [ INFO ] [HerramientaController:34] Get Usuario
[2024-03-22 11:30:10] [ INFO ] [HerramientaController:34] Get Usuario
[2024-03-22 11:30:15] [ INFO ] [HerramientaController:34] Get Usuario
[2024-03-22 11:30:32] [ INFO ] [HerramientaController:34] Get Usuario
[2024-03-22 11:30:44] [ INFO ] [HerramientaController:34] Get Usuario
[2024-03-22 11:30:48] [ INFO ] [HerramientaController:34] Get Usuario
[2024-03-22 11:31:29] [ INFO ] [HerramientaController:34] Get Usuario
[2024-03-22 11:31:37] [ INFO ] [HerramientaController:34] Get Usuario
[2024-03-22 11:38:05] [ INFO ] [HerramientaController:34] Get Usuario
[2024-03-22 11:38:29] [ INFO ] [HerramientaController:34] Get Usuario
[2024-03-22 11:39:00] [ INFO ] [HerramientaController:34] Get Usuario
[2024-03-22 11:39:32] [ INFO ] [HerramientaController:34] Get Usuario
[2024-03-22 11:39:33] [ INFO ] [HerramientaController:34] Get Usuario
[2024-03-22 11:39:38] [ INFO ] [HerramientaController:34] Get Usuario
[2024-03-22 11:40:05] [ INFO ] [HerramientaController:34] Get Usuario
[2024-03-22 11:40:08] [ INFO ] [HerramientaController:34] Get Usuario
[2024-03-22 11:41:28] [ INFO ] [HerramientaController:34] Get Usuario
[2024-03-22 11:41:36] [ INFO ] [HerramientaController:34] Get Usuario
[2024-03-22 11:41:42] [ INFO ] [HerramientaController:34] Get Usuario
[2024-03-22 11:41:49] [ INFO ] [HerramientaController:34] Get Usuario
[2024-03-22 11:42:51] [ INFO ] [HerramientaController:34] Get Usuario
[2024-03-22 11:43:04] [ INFO ] [HerramientaController:34] Get Usuario
[2024-03-22 11:43:47] [ INFO ] [HerramientaController:34] Get Usuario
[2024-03-22 11:50:00] [ INFO ] [HerramientaController:34] Get Usuario
[2024-03-22 11:50:17] [ INFO ] [HerramientaController:34] Get Usuario
[2024-03-22 11:50:25] [ INFO ] [HerramientaController:34] Get Usuario
[2024-03-22 11:50:28] [ INFO ] [HerramientaController:34] Get Usuario
[2024-03-22 11:50:37] [ INFO ] [HerramientaController:34] Get Usuario
[2024-03-22 11:52:27] [ INFO ] [HerramientaController:34] Get Usuario
[2024-03-22 11:52:32] [ INFO ] [HerramientaController:34] Get Usuario
[2024-03-22 11:53:12] [ INFO ] [HerramientaController:34] Get Usuario
[2024-03-22 11:53:43] [ INFO ] [HerramientaController:34] Get Usuario
[2024-03-22 11:55:23] [ INFO ] [HerramientaController:34] Get Usuario
[2024-03-22 11:55:41] [ INFO ] [HerramientaController:34] Get Usuario
[2024-03-22 11:56:50] [ INFO ] [HerramientaController:34] Get Usuario
[2024-03-22 11:56:52] [ INFO ] [HerramientaController:34] Get Usuario
[2024-03-22 11:56:54] [ INFO ] [HerramientaController:34] Get Usuario
[2024-03-22 12:00:37] [ INFO ] [HerramientaController:39] Get Herramienta
[2024-03-22 12:00:37] [ INFO ] [HerramientaController:39] Get Herramienta
[2024-03-22 12:00:44] [ INFO ] [HerramientaController:39] Get Herramienta
[2024-03-22 12:00:44] [ INFO ] [HerramientaController:34] Get Usuario
[2024-03-22 12:02:42] [ INFO ] [HerramientaController:34] Get Usuario
[2024-03-22 12:02:44] [ INFO ] [HerramientaController:34] Get Usuario
[2024-03-22 12:02:50] [ INFO ] [HerramientaController:34] Get Usuario
[2024-03-22 14:06:26] [ INFO ] [HerramientaController:39] Get Herramienta
[2024-03-22 14:06:28] [ INFO ] [HerramientaController:39] Get Herramienta
[2024-03-22 14:06:35] [ INFO ] [HerramientaController:39] Get Herramienta
[2024-03-22 14:06:35] [ INFO ] [HerramientaController:34] Get Usuario
[2024-03-22 14:07:08] [ INFO ] [HerramientaController:34] Get Usuario
[2024-03-22 14:07:13] [ INFO ] [HerramientaController:34] Get Usuario
[2024-03-22 14:07:18] [ INFO ] [HerramientaController:34] Get Usuario
[2024-03-22 14:07:41] [ INFO ] [HerramientaController:34] Get Usuario
[2024-03-22 14:07:43] [ INFO ] [HerramientaController:34] Get Usuario
[2024-03-22 14:07:47] [ INFO ] [HerramientaController:34] Get Usuario
[2024-03-22 14:07:48] [ INFO ] [HerramientaController:34] Get Usuario
[2024-03-22 14:07:50] [ INFO ] [HerramientaController:34] Get Usuario
[2024-03-22 14:07:52] [ INFO ] [HerramientaController:34] Get Usuario
[2024-03-22 14:07:54] [ INFO ] [HerramientaController:34] Get Usuario
[2024-03-22 14:07:59] [ INFO ] [HerramientaController:34] Get Usuario
[2024-03-22 14:08:10] [ INFO ] [HerramientaController:34] Get Usuario
[2024-03-22 14:08:56] [ INFO ] [HerramientaController:34] Get Usuario
[2024-03-22 14:09:07] [ INFO ] [HerramientaController:34] Get Usuario
[2024-03-22 14:11:18] [ INFO ] [HerramientaController:34] Get Usuario
[2024-03-22 14:11:23] [ INFO ] [HerramientaController:34] Get Usuario
[2024-03-22 14:11:43] [ INFO ] [HerramientaController:34] Get Usuario
[2024-03-22 14:11:48] [ INFO ] [HerramientaController:34] Get Usuario
[2024-03-22 14:12:05] [ INFO ] [HerramientaController:34] Get Usuario
[2024-03-22 14:12:18] [ INFO ] [HerramientaController:34] Get Usuario
[2024-03-22 14:12:22] [ INFO ] [HerramientaController:34] Get Usuario
[2024-03-22 14:13:06] [ INFO ] [HerramientaController:34] Get Usuario
[2024-03-22 14:13:10] [ INFO ] [HerramientaController:34] Get Usuario
[2024-03-22 14:13:23] [ INFO ] [HerramientaController:34] Get Usuario
[2024-03-22 14:13:28] [ INFO ] [HerramientaController:34] Get Usuario
[2024-03-22 14:17:34] [ INFO ] [HerramientaController:34] Get Usuario
[2024-03-22 14:18:02] [ INFO ] [HerramientaController:34] Get Usuario
[2024-03-22 14:18:07] [ INFO ] [HerramientaController:34] Get Usuario
[2024-03-22 14:18:11] [ INFO ] [HerramientaController:34] Get Usuario
[2024-03-22 14:18:16] [ INFO ] [HerramientaController:34] Get Usuario
[2024-03-22 14:18:18] [ INFO ] [HerramientaController:34] Get Usuario
[2024-03-22 14:18:20] [ INFO ] [HerramientaController:34] Get Usuario
[2024-03-22 14:18:22] [ INFO ] [HerramientaController:34] Get Usuario
[2024-03-22 14:18:23] [ INFO ] [HerramientaController:34] Get Usuario
[2024-03-22 14:18:44] [ INFO ] [HerramientaController:34] Get Usuario
[2024-03-22 14:18:49] [ INFO ] [HerramientaController:34] Get Usuario
[2024-03-22 14:19:20] [ INFO ] [HerramientaController:34] Get Usuario
[2024-03-22 14:19:26] [ INFO ] [HerramientaController:34] Get Usuario
[2024-03-22 14:20:26] [ INFO ] [HerramientaController:34] Get Usuario
[2024-03-22 14:23:08] [ INFO ] [HerramientaController:39] Get Herramienta
[2024-03-22 14:23:09] [ INFO ] [HerramientaController:39] Get Herramienta
[2024-03-22 14:23:16] [ INFO ] [HerramientaController:39] Get Herramienta
[2024-03-22 14:23:16] [ INFO ] [HerramientaController:34] Get Usuario
[2024-03-22 14:24:45] [ INFO ] [HerramientaController:34] Get Usuario
[2024-03-22 14:26:44] [ INFO ] [HerramientaController:34] Get Usuario
[2024-03-22 14:27:25] [ INFO ] [HerramientaController:34] Get Usuario
[2024-03-22 14:27:44] [ INFO ] [HerramientaController:34] Get Usuario
[2024-03-22 14:29:42] [ INFO ] [HerramientaController:34] Get Usuario
[2024-03-22 14:30:03] [ INFO ] [HerramientaController:34] Get Usuario
[2024-03-22 14:30:38] [ INFO ] [HerramientaController:34] Get Usuario
[2024-03-22 14:31:01] [ INFO ] [HerramientaController:34] Get Usuario
[2024-03-22 14:31:23] [ INFO ] [HerramientaController:34] Get Usuario
[2024-03-22 14:31:27] [ INFO ] [HerramientaController:34] Get Usuario
[2024-03-22 14:32:07] [ INFO ] [HerramientaController:34] Get Usuario
[2024-03-22 14:32:11] [ INFO ] [HerramientaController:34] Get Usuario
[2024-03-22 14:32:22] [ INFO ] [HerramientaController:34] Get Usuario
[2024-03-22 14:32:29] [ INFO ] [HerramientaController:34] Get Usuario
[2024-03-22 14:33:35] [ INFO ] [HerramientaController:34] Get Usuario
[2024-03-22 14:36:02] [ INFO ] [HerramientaController:34] Get Usuario
[2024-03-22 14:36:14] [ INFO ] [HerramientaController:34] Get Usuario
[2024-03-22 14:38:15] [ INFO ] [HerramientaController:34] Get Usuario
[2024-03-22 14:39:09] [ INFO ] [HerramientaController:34] Get Usuario
[2024-03-22 14:40:54] [ INFO ] [HerramientaController:34] Get Usuario
[2024-03-22 14:41:15] [ INFO ] [HerramientaController:34] Get Usuario
[2024-03-22 14:42:24] [ INFO ] [HerramientaController:34] Get Usuario
[2024-03-22 14:42:41] [ INFO ] [HerramientaController:34] Get Usuario
[2024-03-22 14:43:03] [ INFO ] [HerramientaController:34] Get Usuario
[2024-03-22 14:44:15] [ INFO ] [HerramientaController:34] Get Usuario
[2024-03-22 14:46:03] [ INFO ] [HerramientaController:34] Get Usuario
[2024-03-22 14:46:37] [ INFO ] [HerramientaController:34] Get Usuario
[2024-03-22 14:53:01] [ INFO ] [HerramientaController:39] Get Herramienta
[2024-03-22 14:53:02] [ INFO ] [HerramientaController:39] Get Herramienta
[2024-03-22 14:53:08] [ INFO ] [HerramientaController:39] Get Herramienta
[2024-03-22 14:53:08] [ INFO ] [HerramientaController:34] Get Usuario
[2024-03-22 14:53:13] [ INFO ] [HerramientaController:39] Get Herramienta
[2024-03-22 14:53:13] [ INFO ] [HerramientaController:34] Get Usuario
[2024-03-22 14:55:57] [ INFO ] [HerramientaController:34] Get Usuario
[2024-03-22 14:57:22] [ INFO ] [HerramientaController:34] Get Usuario
[2024-03-22 14:57:28] [ INFO ] [HerramientaController:34] Get Usuario
[2024-03-22 14:58:02] [ INFO ] [HerramientaController:34] Get Usuario
[2024-03-22 14:58:18] [ INFO ] [HerramientaController:34] Get Usuario
[2024-03-22 14:59:25] [ INFO ] [HerramientaController:34] Get Usuario
[2024-03-22 14:59:32] [ INFO ] [HerramientaController:34] Get Usuario
[2024-03-22 15:01:07] [ INFO ] [HerramientaController:34] Get Usuario
[2024-03-22 15:01:42] [ INFO ] [HerramientaController:34] Get Usuario
[2024-03-22 15:02:32] [ INFO ] [HerramientaController:34] Get Usuario
[2024-03-22 15:03:50] [ INFO ] [HerramientaController:34] Get Usuario
[2024-03-22 15:04:34] [ INFO ] [HerramientaController:34] Get Usuario
[2024-03-22 15:04:48] [ INFO ] [HerramientaController:34] Get Usuario
[2024-03-22 15:05:18] [ INFO ] [HerramientaController:34] Get Usuario
[2024-03-22 15:05:23] [ INFO ] [HerramientaController:34] Get Usuario
[2024-03-22 15:05:27] [ INFO ] [HerramientaController:34] Get Usuario
[2024-03-22 15:07:01] [ INFO ] [HerramientaController:34] Get Usuario
[2024-03-22 16:59:51] [ INFO ] [HerramientaController:39] Get Herramienta
[2024-03-22 17:05:08] [ INFO ] [HerramientaController:39] Get Herramienta
[2024-03-22 17:06:26] [ INFO ] [HerramientaController:39] Get Herramienta
[2024-03-22 17:06:27] [ INFO ] [HerramientaController:34] Get Usuario
[2024-03-22 17:14:27] [ INFO ] [HerramientaController:34] Get Usuario
[2024-03-22 17:14:33] [ INFO ] [HerramientaController:34] Get Usuario
[2024-03-22 17:16:18] [ INFO ] [HerramientaController:34] Get Usuario
[2024-03-22 17:28:04] [ INFO ] [HerramientaController:34] Get Usuario
[2024-03-22 17:28:08] [ INFO ] [HerramientaController:34] Get Usuario
[2024-03-22 17:28:13] [ INFO ] [HerramientaController:39] Get Herramienta
[2024-03-22 17:28:15] [ INFO ] [HerramientaController:39] Get Herramienta
[2024-03-22 17:28:26] [ INFO ] [HerramientaController:39] Get Herramienta
[2024-03-22 17:28:26] [ INFO ] [HerramientaController:34] Get Usuario
[2024-03-22 17:28:50] [ INFO ] [HerramientaController:39] Get Herramienta
[2024-03-22 17:28:56] [ INFO ] [HerramientaController:39] Get Herramienta
[2024-03-22 17:29:00] [ INFO ] [HerramientaController:39] Get Herramienta
[2024-03-22 17:29:10] [ INFO ] [HerramientaController:39] Get Herramienta
[2024-03-22 17:29:47] [ INFO ] [HerramientaController:39] Get Herramienta
[2024-03-22 17:29:48] [ INFO ] [HerramientaController:39] Get Herramienta
[2024-03-22 17:29:54] [ INFO ] [HerramientaController:39] Get Herramienta
[2024-03-22 17:29:54] [ INFO ] [HerramientaController:34] Get Usuario
[2024-03-22 17:33:57] [ INFO ] [HerramientaController:34] Get Usuario
[2024-03-22 17:34:12] [ INFO ] [HerramientaController:34] Get Usuario
[2024-03-22 17:36:40] [ INFO ] [HerramientaController:34] Get Usuario
[2024-03-22 17:51:56] [ INFO ] [HerramientaController:39] Get Herramienta
[2024-03-22 17:51:56] [ INFO ] [HerramientaController:39] Get Herramienta
[2024-03-22 17:52:47] [ INFO ] [HerramientaController:39] Get Herramienta
[2024-03-22 17:52:47] [ INFO ] [HerramientaController:34] Get Usuario
[2024-03-22 18:06:17] [ INFO ] [HerramientaController:39] Get Herramienta
[2024-03-22 18:06:17] [ INFO ] [HerramientaController:34] Get Usuario
[2024-03-22 18:17:01] [ INFO ] [HerramientaController:34] Get Usuario
[2024-03-22 18:17:24] [ INFO ] [HerramientaController:34] Get Usuario
[2024-03-22 18:17:27] [ INFO ] [HerramientaController:34] Get Usuario
[2024-03-22 18:17:33] [ INFO ] [HerramientaController:39] Get Herramienta
[2024-03-22 18:17:34] [ INFO ] [HerramientaController:39] Get Herramienta
[2024-03-22 19:17:00] [ INFO ] [HerramientaController:39] Get Herramienta
[2024-03-22 19:17:00] [ INFO ] [HerramientaController:34] Get Usuario
[2024-03-22 19:17:08] [ INFO ] [HerramientaController:39] Get Herramienta
[2024-03-22 19:17:37] [ INFO ] [HerramientaController:39] Get Herramienta
[2024-03-22 19:17:39] [ INFO ] [HerramientaController:34] Get Usuario
[2024-03-22 19:17:45] [ INFO ] [HerramientaController:39] Get Herramienta
[2024-03-22 19:17:46] [ INFO ] [HerramientaController:39] Get Herramienta
[2024-03-22 19:18:13] [ INFO ] [HerramientaController:39] Get Herramienta
[2024-03-22 19:18:13] [ INFO ] [HerramientaController:34] Get Usuario
[2024-03-22 19:18:16] [ INFO ] [HerramientaController:39] Get Herramienta
[2024-03-22 19:18:17] [ INFO ] [HerramientaController:34] Get Usuario
[2024-03-22 19:18:26] [ INFO ] [HerramientaController:39] Get Herramienta
[2024-03-22 19:18:31] [ INFO ] [HerramientaController:39] Get Herramienta
[2024-03-22 19:18:31] [ INFO ] [HerramientaController:34] Get Usuario
[2024-03-22 19:18:34] [ INFO ] [HerramientaController:39] Get Herramienta
[2024-03-22 19:18:44] [ INFO ] [HerramientaController:39] Get Herramienta
[2024-03-22 19:18:44] [ INFO ] [HerramientaController:34] Get Usuario
[2024-03-22 19:18:46] [ INFO ] [HerramientaController:39] Get Herramienta
[2024-03-22 19:18:48] [ INFO ] [HerramientaController:34] Get Usuario
[2024-03-22 19:49:47] [ INFO ] [HerramientaController:39] Get Herramienta
[2024-03-22 19:50:13] [ INFO ] [HerramientaController:39] Get Herramienta
[2024-03-22 19:50:24] [ INFO ] [HerramientaController:34] Get Usuario
[2024-03-22 19:50:37] [ INFO ] [HerramientaController:39] Get Herramienta
[2024-03-22 19:52:35] [ INFO ] [HerramientaController:39] Get Herramienta
[2024-03-22 19:52:36] [ INFO ] [HerramientaController:39] Get Herramienta
[2024-03-22 19:52:56] [ INFO ] [HerramientaController:39] Get Herramienta
[2024-03-24 11:38:34] [ INFO ] [HerramientaController:39] Get Herramienta
[2024-03-24 11:38:51] [ INFO ] [HerramientaController:39] Get Herramienta
[2024-03-24 11:39:54] [ INFO ] [HerramientaController:39] Get Herramienta
[2024-03-24 11:40:55] [ INFO ] [HerramientaController:39] Get Herramienta
[2024-03-24 11:41:58] [ INFO ] [HerramientaController:39] Get Herramienta
[2024-03-24 11:41:58] [ INFO ] [HerramientaController:34] Get Usuario
[2024-03-24 11:42:01] [ INFO ] [HerramientaController:39] Get Herramienta
[2024-03-24 11:42:58] [ INFO ] [HerramientaController:34] Get Usuario
[2024-03-24 11:42:59] [ INFO ] [HerramientaController:39] Get Herramienta
[2024-03-24 11:42:59] [ INFO ] [HerramientaController:39] Get Herramienta
[2024-03-24 11:43:28] [ INFO ] [HerramientaController:39] Get Herramienta
[2024-03-24 11:43:28] [ INFO ] [HerramientaController:34] Get Usuario
[2024-03-24 11:43:32] [ INFO ] [HerramientaController:39] Get Herramienta
[2024-03-24 11:51:19] [ INFO ] [HerramientaController:49] Herramienta pasa por controller
[2024-03-24 11:53:16] [ INFO ] [HerramientaController:39] Get Herramienta
[2024-03-24 11:57:20] [ INFO ] [HerramientaController:39] Get Herramienta
[2024-03-24 12:02:44] [ INFO ] [HerramientaController:39] Get Herramienta
[2024-03-24 12:03:43] [ INFO ] [HerramientaController:39] Get Herramienta
[2024-03-24 12:03:52] [ INFO ] [HerramientaController:39] Get Herramienta
[2024-03-24 12:04:05] [ INFO ] [HerramientaController:39] Get Herramienta
[2024-03-24 12:04:17] [ INFO ] [HerramientaController:39] Get Herramienta
[2024-03-24 12:04:26] [ INFO ] [HerramientaController:39] Get Herramienta
[2024-03-24 12:04:37] [ INFO ] [HerramientaController:39] Get Herramienta
[2024-03-24 12:04:53] [ INFO ] [HerramientaController:55] Nueva Caracteristica, Controller
[2024-03-24 12:05:52] [ INFO ] [HerramientaController:34] Get Usuario
[2024-03-24 12:05:54] [ INFO ] [HerramientaController:39] Get Herramienta
[2024-03-24 12:05:55] [ INFO ] [HerramientaController:39] Get Herramienta
[2024-03-24 12:06:11] [ INFO ] [HerramientaController:39] Get Herramienta
[2024-03-24 12:06:11] [ INFO ] [HerramientaController:34] Get Usuario
[2024-03-24 12:06:20] [ INFO ] [HerramientaController:39] Get Herramienta
[2024-03-24 12:06:22] [ INFO ] [HerramientaController:34] Get Usuario
[2024-03-24 12:06:46] [ INFO ] [HerramientaController:34] Get Usuario
[2024-03-24 12:06:46] [ INFO ] [HerramientaController:34] Get Usuario
[2024-03-24 12:07:26] [ INFO ] [HerramientaController:34] Get Usuario
[2024-03-24 12:07:26] [ INFO ] [HerramientaController:34] Get Usuario
[2024-03-24 12:12:23] [ INFO ] [HerramientaController:39] Get Herramienta
[2024-03-24 12:15:03] [ INFO ] [HerramientaController:39] Get Herramienta
[2024-03-24 12:16:07] [ INFO ] [HerramientaController:49] Herramienta pasa por controller
[2024-03-24 12:18:00] [ INFO ] [ReservaController:34] Procede informacion a Service Reserva
[2024-03-24 12:40:39] [ INFO ] [HerramientaController:39] Get Herramienta
[2024-03-24 12:47:23] [ INFO ] [HerramientaController:39] Get Herramienta
[2024-03-24 12:51:29] [ INFO ] [HerramientaController:39] Get Herramienta
[2024-03-24 12:52:33] [ INFO ] [HerramientaController:39] Get Herramienta
[2024-03-24 12:55:47] [ INFO ] [HerramientaController:39] Get Herramienta
[2024-03-24 12:55:53] [ INFO ] [HerramientaController:39] Get Herramienta
[2024-03-24 12:56:04] [ INFO ] [HerramientaController:39] Get Herramienta
[2024-03-24 12:56:34] [ INFO ] [HerramientaController:39] Get Herramienta
[2024-03-24 12:57:28] [ INFO ] [HerramientaController:39] Get Herramienta
[2024-03-24 12:59:12] [ INFO ] [HerramientaController:39] Get Herramienta
[2024-03-24 13:02:07] [ INFO ] [HerramientaController:39] Get Herramienta
[2024-03-24 13:06:02] [ INFO ] [HerramientaController:39] Get Herramienta
[2024-03-24 13:06:56] [ INFO ] [HerramientaController:39] Get Herramienta
[2024-03-24 13:08:19] [ INFO ] [HerramientaController:39] Get Herramienta
[2024-03-24 13:30:08] [ INFO ] [HerramientaController:39] Get Herramienta
[2024-04-02 11:54:36] [ INFO ] [Reseña:70] herramienta encontrada :  Optional[Herramienta(id=1, categoria=com.toolsToHome.PI.Model.Categoria@1dd7682d, stock=10, precio=50, disponibilidad=true, nombre=Llave inglesa, descripcion=
¡Presentamos la Llave Ajustable ProGrip, tu compañera confiable para enfrentar una amplia gama de tareas mecánicas con facilidad! Diseñada para durabilidad y precisión, esta versátil llave es un complemento indispensable para cualquier caja de herramientas., usuariosFavoritos=[], caracteristicas=[com.toolsToHome.PI.Model.Caracteristicas@6b5f6a84, com.toolsToHome.PI.Model.Caracteristicas@71a815fd, com.toolsToHome.PI.Model.Caracteristicas@e132f99, com.toolsToHome.PI.Model.Caracteristicas@6b48c0d6, com.toolsToHome.PI.Model.Caracteristicas@21097ad4], imagenes=[com.toolsToHome.PI.Model.Imagen@74ed4eea, com.toolsToHome.PI.Model.Imagen@7d9ce53f, com.toolsToHome.PI.Model.Imagen@40459ce7, com.toolsToHome.PI.Model.Imagen@1c00bd60, com.toolsToHome.PI.Model.Imagen@2042a14], reserva=[com.toolsToHome.PI.Model.Reserva@68a53920, com.toolsToHome.PI.Model.Reserva@678fe91a], reseñas=[com.toolsToHome.PI.Model.Reseña@2b57e5e3])]Reseñas de la herramienta : [com.toolsToHome.PI.Model.Reseña@2b57e5e3]
[2024-04-02 12:00:00] [ INFO ] [ReservaController:38] Usuario Id : com.toolsToHome.PI.Model.Usuario@28bd322b  Herramienta:  Herramienta(id=10, categoria=null, stock=null, precio=null, disponibilidad=false, nombre=null, descripcion=null, usuariosFavoritos=[], caracteristicas=[], imagenes=[], reserva=[], reseñas=[])  Herramienta Id Procede informacion a Service Reserva
[2024-04-02 13:13:41] [ INFO ] [ReservaController:38] Usuario Id : com.toolsToHome.PI.Model.Usuario@4b7291ff  Herramienta:  Herramienta(id=10, categoria=null, stock=null, precio=null, disponibilidad=false, nombre=null, descripcion=null, usuariosFavoritos=[], caracteristicas=[], imagenes=[], reserva=[], reseñas=[])  Herramienta Id Procede informacion a Service Reserva
